0 info it worked if it ends with ok
1 verbose cli [ '/usr/local/bin/node',
1 verbose cli   '/usr/local/bin/npm',
1 verbose cli   'install',
1 verbose cli   'atom-jshint' ]
2 info using npm@2.14.12
3 info using node@v4.2.6
4 verbose config Skipping project config: /Users/laurenbrown/.npmrc. (matches userconfig)
5 verbose install initial load of /Users/laurenbrown/package.json
6 verbose installManyTop reading scoped package data from /Users/laurenbrown/node_modules/browser-sync/package.json
7 verbose installManyTop reading scoped package data from /Users/laurenbrown/node_modules/connect/package.json
8 verbose installManyTop reading scoped package data from /Users/laurenbrown/node_modules/gulp/package.json
9 verbose installManyTop reading scoped package data from /Users/laurenbrown/node_modules/gulp-connect/package.json
10 verbose installManyTop reading scoped package data from /Users/laurenbrown/node_modules/gulp-jshint/package.json
11 verbose installManyTop reading scoped package data from /Users/laurenbrown/node_modules/gulp-livereload/package.json
12 verbose installManyTop reading scoped package data from /Users/laurenbrown/node_modules/gulp-open/package.json
13 verbose installManyTop reading scoped package data from /Users/laurenbrown/node_modules/jshint/package.json
14 verbose installManyTop reading scoped package data from /Users/laurenbrown/node_modules/serve-static/package.json
15 verbose installManyTop reading scoped package data from /Users/laurenbrown/node_modules/sweetalert/package.json
16 verbose readDependencies loading dependencies from /Users/laurenbrown/package.json
17 silly cache add args [ 'atom-jshint', null ]
18 verbose cache add spec atom-jshint
19 silly cache add parsed spec Result {
19 silly cache add   raw: 'atom-jshint',
19 silly cache add   scope: null,
19 silly cache add   name: 'atom-jshint',
19 silly cache add   rawSpec: '',
19 silly cache add   spec: 'latest',
19 silly cache add   type: 'tag' }
20 silly addNamed atom-jshint@latest
21 verbose addNamed "latest" is being treated as a dist-tag for atom-jshint
22 info addNameTag [ 'atom-jshint', 'latest' ]
23 silly mapToRegistry name atom-jshint
24 silly mapToRegistry using default registry
25 silly mapToRegistry registry https://registry.npmjs.org/
26 silly mapToRegistry uri https://registry.npmjs.org/atom-jshint
27 verbose addNameTag registry:https://registry.npmjs.org/atom-jshint not in flight; fetching
28 verbose request uri https://registry.npmjs.org/atom-jshint
29 verbose request no auth needed
30 info attempt registry request try #1 at 9:06:06 PM
31 verbose request id 2ed3105dac2466e3
32 http request GET https://registry.npmjs.org/atom-jshint
33 http 404 https://registry.npmjs.org/atom-jshint
34 verbose headers { 'content-type': 'application/json',
34 verbose headers   'cache-control': 'max-age=0',
34 verbose headers   'content-length': '2',
34 verbose headers   'accept-ranges': 'bytes',
34 verbose headers   date: 'Fri, 29 Jan 2016 04:06:07 GMT',
34 verbose headers   via: '1.1 varnish',
34 verbose headers   age: '0',
34 verbose headers   connection: 'keep-alive',
34 verbose headers   'x-served-by': 'cache-lax1423-LAX',
34 verbose headers   'x-cache': 'MISS',
34 verbose headers   'x-cache-hits': '0',
34 verbose headers   'x-timer': 'S1454040366.955963,VS0,VE57' }
35 silly get cb [ 404,
35 silly get   { 'content-type': 'application/json',
35 silly get     'cache-control': 'max-age=0',
35 silly get     'content-length': '2',
35 silly get     'accept-ranges': 'bytes',
35 silly get     date: 'Fri, 29 Jan 2016 04:06:07 GMT',
35 silly get     via: '1.1 varnish',
35 silly get     age: '0',
35 silly get     connection: 'keep-alive',
35 silly get     'x-served-by': 'cache-lax1423-LAX',
35 silly get     'x-cache': 'MISS',
35 silly get     'x-cache-hits': '0',
35 silly get     'x-timer': 'S1454040366.955963,VS0,VE57' } ]
36 verbose stack Error: Registry returned 404 for GET on https://registry.npmjs.org/atom-jshint
36 verbose stack     at makeError (/usr/local/lib/node_modules/npm/node_modules/npm-registry-client/lib/request.js:264:12)
36 verbose stack     at CachingRegistryClient.<anonymous> (/usr/local/lib/node_modules/npm/node_modules/npm-registry-client/lib/request.js:242:14)
36 verbose stack     at Request._callback (/usr/local/lib/node_modules/npm/node_modules/npm-registry-client/lib/request.js:172:14)
36 verbose stack     at Request.self.callback (/usr/local/lib/node_modules/npm/node_modules/request/request.js:198:22)
36 verbose stack     at emitTwo (events.js:87:13)
36 verbose stack     at Request.emit (events.js:172:7)
36 verbose stack     at Request.<anonymous> (/usr/local/lib/node_modules/npm/node_modules/request/request.js:1082:10)
36 verbose stack     at emitOne (events.js:82:20)
36 verbose stack     at Request.emit (events.js:169:7)
36 verbose stack     at IncomingMessage.<anonymous> (/usr/local/lib/node_modules/npm/node_modules/request/request.js:1009:12)
37 verbose statusCode 404
38 verbose pkgid atom-jshint
39 verbose cwd /Users/laurenbrown/Desktop/Dev/MadLibs_Angular
40 error Darwin 14.5.0
41 error argv "/usr/local/bin/node" "/usr/local/bin/npm" "install" "atom-jshint"
42 error node v4.2.6
43 error npm  v2.14.12
44 error code E404
45 error 404 Registry returned 404 for GET on https://registry.npmjs.org/atom-jshint
45 error 404
45 error 404 'atom-jshint' is not in the npm registry.
45 error 404 You should bug the author to publish it (or use the name yourself!)
45 error 404
45 error 404 Note that you can also install from a
45 error 404 tarball, folder, http url, or git url.
46 verbose exit [ 1, true ]
